weatherapi.com/v1/current.json - Response: {"location":{"name":"Sumy","region":"Sums'ka Oblast'","country":"Ukraine","lat":50.9197,"lon":34.7819,"tz_id":"Europe/Kiev","localtime_epoch":1750884444,"localtime":"2025-06-25 23:47"},"current":{"last_updated_epoch":1750884300,"last_updated":"2025-06-25 23:45","temp_c":13.6,"temp_f":56.4,"is_day":0,"condition":{"text":"Невелика хмарність","icon":"//cdn.weatherapi.com/weather/64x64/night/116.png","code":1003},"wind_mph":6.7,"wind_kph":10.8,"wind_degree":207,"wind_dir":"SSW","pressure_mb":1005,"pressure_in":29.67,"precip_mm":0,"precip_in":0,"humidity":91,"cloud":40,"feelslike_c":12.8,"feelslike_f":55,"windchill_c":12.8,"windchill_f":55,"heatindex_c":13.6,"heatindex_f":56.4,"dewpoint_c":12.2,"dewpoint_f":54,"vis_km":10,"vis_miles":6,"uv":0,"gust_mph":14.1,"gust_kph":22.7}}
openweathermap.org/geo - Response: [{"name":"Sumy","local_names":{"he":"סומי","cs":"Sumy","ru":"Сумы","pl":"Sumy","zh":"苏梅","nl":"Soemy","et":"Sumõ","eo":"Sumio","en":"Sumy","be":"Сумы","fr":"Soumy","uk":"Суми","it":"Sumyy","ko":"수미","de":"Sumy","hr":"Sumi","tr":"Sumı","ku":"Sumî","ml":"സുമി","hu":"Szumi","es":"Sumy","sr":"Суми","ro":"Sumî"},"lat":50.9119775,"lon":34.8027723,"country":"UA","state":"Sumy Oblast"}]
openweathermap.org/data - Response: {"coord":{"lon":34.8028,"lat":50.912},"weather":[{"id":804,"main":"Clouds","description":"хмарно","icon":"04n"}],"base":"stations","main":{"temp":15.59,"feels_like":15.53,"temp_min":15.59,"temp_max":15.59,"pressure":1005,"humidity":89,"sea_level":1005,"grnd_level":986},"visibility":10000,"wind":{"speed":2.84,"deg":223,"gust":7.15},"clouds":{"all":95},"dt":1750884033,"sys":{"country":"UA","sunrise":1750814870,"sunset":1750874331},"timezone":10800,"id":692194,"name":"Sumy","cod":200}
openweathermap.org/geo - Response: [{"name":"Kyiv","lat":50.45,"lon":30.52}]
weatherapi.com/v1/current.json - Response: {"location":{"name":"Kyiv"},"current":{"temp_c":18,"humidity":60,"condition":{"text":"Сонячно"}}}
openweathermap.org/data - Response: {"main":{"temp":21,"humidity":70},"weather":[{"description":"ясно"}]}
weatherapi.com/v1/current.json - Response: {"location":{"name":"Kyiv"},"current":{"temp_c":18,"humidity":60,"condition":{"text":"Сонячно"}}}
openweathermap.org/geo - Response: [{"name":"Kyiv","lat":50.45,"lon":30.52}]
openweathermap.org/data - Response: {"main":{"temp":21,"humidity":70},"weather":[{"description":"ясно"}]}
weatherapi.com/v1/current.json - Response: {"location":{"name":"Sumy","region":"Sums'ka Oblast'","country":"Ukraine","lat":50.9197,"lon":34.7819,"tz_id":"Europe/Kiev","localtime_epoch":1751547954,"localtime":"2025-07-03 16:05"},"current":{"last_updated_epoch":1751547600,"last_updated":"2025-07-03 16:00","temp_c":24.9,"temp_f":76.8,"is_day":1,"condition":{"text":"Невелика хмарність","icon":"//cdn.weatherapi.com/weather/64x64/day/116.png","code":1003},"wind_mph":9.6,"wind_kph":15.5,"wind_degree":340,"wind_dir":"NNW","pressure_mb":1016,"pressure_in":30,"precip_mm":0,"precip_in":0,"humidity":51,"cloud":61,"feelslike_c":25.8,"feelslike_f":78.4,"windchill_c":24.9,"windchill_f":76.8,"heatindex_c":25.8,"heatindex_f":78.4,"dewpoint_c":14.2,"dewpoint_f":57.5,"vis_km":10,"vis_miles":6,"uv":4.1,"gust_mph":12.3,"gust_kph":19.8}}
openweathermap.org/geo - Response: [{"name":"Sumy","local_names":{"hu":"Szumi","cs":"Sumy","uk":"Суми","en":"Sumy","ko":"수미","hr":"Sumi","ro":"Sumî","zh":"苏梅","fr":"Soumy","et":"Sumõ","es":"Sumy","eo":"Sumio","it":"Sumyy","ru":"Сумы","be":"Сумы","nl":"Soemy","tr":"Sumı","ku":"Sumî","de":"Sumy","pl":"Sumy","he":"סומי","ml":"സുമി","sr":"Суми"},"lat":50.9119775,"lon":34.8027723,"country":"UA","state":"Sumy Oblast"}]
openweathermap.org/data - Response: {"coord":{"lon":34.8028,"lat":50.912},"weather":[{"id":801,"main":"Clouds","description":"кілька хмар","icon":"02d"}],"base":"stations","main":{"temp":25.23,"feels_like":25.11,"temp_min":25.23,"temp_max":25.23,"pressure":1016,"humidity":50,"sea_level":1016,"grnd_level":996},"visibility":10000,"wind":{"speed":4.75,"deg":337,"gust":6.37},"clouds":{"all":21},"dt":1751547123,"sys":{"country":"UA","sunrise":1751506343,"sunset":1751565438},"timezone":10800,"id":692194,"name":"Sumy","cod":200}
weatherapi.com/v1/current.json - Response: {"location":{"name":"Sumy","region":"Sums'ka Oblast'","country":"Ukraine","lat":50.9197,"lon":34.7819,"tz_id":"Europe/Kiev","localtime_epoch":1751547954,"localtime":"2025-07-03 16:05"},"current":{"last_updated_epoch":1751547600,"last_updated":"2025-07-03 16:00","temp_c":24.9,"temp_f":76.8,"is_day":1,"condition":{"text":"Невелика хмарність","icon":"//cdn.weatherapi.com/weather/64x64/day/116.png","code":1003},"wind_mph":9.6,"wind_kph":15.5,"wind_degree":340,"wind_dir":"NNW","pressure_mb":1016,"pressure_in":30,"precip_mm":0,"precip_in":0,"humidity":51,"cloud":61,"feelslike_c":25.8,"feelslike_f":78.4,"windchill_c":24.9,"windchill_f":76.8,"heatindex_c":25.8,"heatindex_f":78.4,"dewpoint_c":14.2,"dewpoint_f":57.5,"vis_km":10,"vis_miles":6,"uv":4.1,"gust_mph":12.3,"gust_kph":19.8}}
openweathermap.org/geo - Response: [{"name":"Salzburg","local_names":{"ko":"짤츠부르크","sk":"Soľnohrad","fr":"Salzbourg","de":"Salzburg","ru":"Зальцбург","es":"Salzburgo","la":"Salisburgum","mk":"Салцбург","en":"Salzburg","el":"Σάλτσμπουργκ","hu":"Salzburg","uk":"Зальцбург","it":"Salisburgo","zh":"萨尔茨堡","cs":"Salcburk","he":"זלצבורג","lv":"Zalcburga","pt":"Salisburgo","ar":"زالتسبورغ","eo":"Salcburgo","sr":"Салцбург","ka":"ზალცბურგი","ro":"Salzburg","lt":"Zalcburgas"},"lat":47.7981346,"lon":13.0464806,"country":"AT","state":"Salzburg"}]
openweathermap.org/data - Response: {"coord":{"lon":13.0465,"lat":47.7981},"weather":[{"id":803,"main":"Clouds","description":"рвані хмари","icon":"04d"}],"base":"stations","main":{"temp":28.95,"feels_like":29.04,"temp_min":28.95,"temp_max":30.44,"pressure":1020,"humidity":45,"sea_level":1020,"grnd_level":947},"visibility":10000,"wind":{"speed":5.14,"deg":320},"clouds":{"all":75},"dt":1751547171,"sys":{"type":1,"id":6877,"country":"AT","sunrise":1751512466,"sunset":1751569760},"timezone":7200,"id":2766824,"name":"Salzburg","cod":200}
openweathermap.org/data - Response: {"main":{"temp":21,"humidity":70},"weather":[{"description":"ясно"}]}
openweathermap.org/geo - Response: [{"name":"Kyiv","lat":50.45,"lon":30.52}]
weatherapi.com/v1/current.json - Response: {"location":{"name":"Kyiv"},"current":{"temp_c":18,"humidity":60,"condition":{"text":"Сонячно"}}}
openweathermap.org/geo - Response: [{"name":"Kyiv","lat":50.45,"lon":30.52}]
openweathermap.org/data - Response: {"main":{"temp":21,"humidity":70},"weather":[{"description":"ясно"}]}
weatherapi.com/v1/current.json - Response: {"location":{"name":"Kyiv"},"current":{"temp_c":18,"humidity":60,"condition":{"text":"Сонячно"}}}
openweathermap.org/data - Response: {"main":{"temp":21,"humidity":70},"weather":[{"description":"ясно"}]}
weatherapi.com/v1/current.json - Response: {"location":{"name":"Kyiv"},"current":{"temp_c":18,"humidity":60,"condition":{"text":"Сонячно"}}}
openweathermap.org/geo - Response: [{"name":"Kyiv","lat":50.45,"lon":30.52}]
openweathermap.org/data - Response: {"main":{"temp":21,"humidity":70},"weather":[{"description":"ясно"}]}
openweathermap.org/geo - Response: [{"name":"Kyiv","lat":50.45,"lon":30.52}]
weatherapi.com/v1/current.json - Response: {"location":{"name":"Kyiv"},"current":{"temp_c":18,"humidity":60,"condition":{"text":"Сонячно"}}}
weatherapi.com/v1/current.json - Response: {"location":{"name":"Kyiv"},"current":{"temp_c":18,"humidity":60,"condition":{"text":"Сонячно"}}}
openweathermap.org/geo - Response: [{"name":"Kyiv","lat":50.45,"lon":30.52}]
openweathermap.org/data - Response: {"main":{"temp":21,"humidity":70},"weather":[{"description":"ясно"}]}
openweathermap.org/geo - Response: [{"name":"Kyiv","lat":50.45,"lon":30.52}]
openweathermap.org/data - Response: {"main":{"temp":21,"humidity":70},"weather":[{"description":"ясно"}]}
weatherapi.com/v1/current.json - Response: {"location":{"name":"Kyiv"},"current":{"temp_c":18,"humidity":60,"condition":{"text":"Сонячно"}}}
openweathermap.org/data - Response: {"main":{"temp":21,"humidity":70},"weather":[{"description":"ясно"}]}
openweathermap.org/geo - Response: [{"name":"Kyiv","lat":50.45,"lon":30.52}]
weatherapi.com/v1/current.json - Response: {"location":{"name":"Kyiv"},"current":{"temp_c":18,"humidity":60,"condition":{"text":"Сонячно"}}}
openweathermap.org/geo - Response: [{"name":"Kyiv","lat":50.45,"lon":30.52}]
openweathermap.org/data - Response: {"main":{"temp":21,"humidity":70},"weather":[{"description":"ясно"}]}
weatherapi.com/v1/current.json - Response: {"location":{"name":"Kyiv"},"current":{"temp_c":18,"humidity":60,"condition":{"text":"Сонячно"}}}
