weatherapi.com/v1/current.json - Response: {"location":{"name":"Kyiv"},"current":{"temp_c":18,"humidity":60,"condition":{"text":"Сонячно"}}}
openweathermap.org/geo - Response: [{"name":"Kyiv","lat":50.45,"lon":30.52}]
openweathermap.org/data - Response: {"main":{"temp":21,"humidity":70},"weather":[{"description":"ясно"}]}
openweathermap.org/geo - Response: [{"name":"Kyiv","lat":50.45,"lon":30.52}]
openweathermap.org/data - Response: {"main":{"temp":21,"humidity":70},"weather":[{"description":"ясно"}]}
weatherapi.com/v1/current.json - Response: {"location":{"name":"Kyiv"},"current":{"temp_c":18,"humidity":60,"condition":{"text":"Сонячно"}}}
openweathermap.org/data - Response: {"main":{"temp":21,"humidity":70},"weather":[{"description":"ясно"}]}
openweathermap.org/geo - Response: [{"name":"Kyiv","lat":50.45,"lon":30.52}]
weatherapi.com/v1/current.json - Response: {"location":{"name":"Kyiv"},"current":{"temp_c":18,"humidity":60,"condition":{"text":"Сонячно"}}}
openweathermap.org/geo - Response: [{"name":"Kyiv","lat":50.45,"lon":30.52}]
openweathermap.org/data - Response: {"main":{"temp":21,"humidity":70},"weather":[{"description":"ясно"}]}
weatherapi.com/v1/current.json - Response: {"location":{"name":"Kyiv"},"current":{"temp_c":18,"humidity":60,"condition":{"text":"Сонячно"}}}
weatherapi.com/v1/current.json - Response: {"location":{"name":"Kyiv"},"current":{"temp_c":18,"humidity":60,"condition":{"text":"Сонячно"}}}
openweathermap.org/data - Response: {"main":{"temp":21,"humidity":70},"weather":[{"description":"ясно"}]}
openweathermap.org/geo - Response: [{"name":"Kyiv","lat":50.45,"lon":30.52}]
weatherapi.com/v1/current.json - Response: {"location":{"name":"Kyiv"},"current":{"temp_c":18,"humidity":60,"condition":{"text":"Сонячно"}}}
openweathermap.org/geo - Response: [{"name":"Kyiv","lat":50.45,"lon":30.52}]
openweathermap.org/data - Response: {"main":{"temp":21,"humidity":70},"weather":[{"description":"ясно"}]}
weatherapi.com/v1/current.json - Response: {"location":{"name":"Sumy","region":"Sums'ka Oblast'","country":"Ukraine","lat":50.9197,"lon":34.7819,"tz_id":"Europe/Kiev","localtime_epoch":1751899248,"localtime":"2025-07-07 17:40"},"current":{"last_updated_epoch":1751898600,"last_updated":"2025-07-07 17:30","temp_c":28.9,"temp_f":84,"is_day":1,"condition":{"text":"Сонячно","icon":"//cdn.weatherapi.com/weather/64x64/day/113.png","code":1000},"wind_mph":8.7,"wind_kph":14,"wind_degree":156,"wind_dir":"SSE","pressure_mb":1010,"pressure_in":29.82,"precip_mm":0,"precip_in":0,"humidity":47,"cloud":13,"feelslike_c":29.6,"feelslike_f":85.3,"windchill_c":28.9,"windchill_f":84,"heatindex_c":29.6,"heatindex_f":85.3,"dewpoint_c":16.6,"dewpoint_f":61.9,"vis_km":10,"vis_miles":6,"uv":2.4,"gust_mph":13.8,"gust_kph":22.2}}
weatherapi.com/v1/current.json - Response: {"location":{"name":"Sumy","region":"Novosibirsk","country":"Russia","lat":54.8164,"lon":80.4436,"tz_id":"Asia/Novosibirsk","localtime_epoch":1751898314,"localtime":"2025-07-07 21:25"},"current":{"last_updated_epoch":1751897700,"last_updated":"2025-07-07 21:15","temp_c":16.8,"temp_f":62.3,"is_day":1,"condition":{"text":"Туман","icon":"//cdn.weatherapi.com/weather/64x64/day/248.png","code":1135},"wind_mph":6.9,"wind_kph":11.2,"wind_degree":263,"wind_dir":"W","pressure_mb":1001,"pressure_in":29.56,"precip_mm":0.02,"precip_in":0,"humidity":97,"cloud":100,"feelslike_c":16.8,"feelslike_f":62.3,"windchill_c":16.8,"windchill_f":62.3,"heatindex_c":16.8,"heatindex_f":62.3,"dewpoint_c":16.4,"dewpoint_f":61.5,"vis_km":0,"vis_miles":0,"uv":0.1,"gust_mph":11.7,"gust_kph":18.9}}
weatherapi.com/v1/current.json - Response: {"location":{"name":"Sumy","region":"Novosibirsk","country":"Russia","lat":54.8164,"lon":80.4436,"tz_id":"Asia/Novosibirsk","localtime_epoch":1751899272,"localtime":"2025-07-07 21:41"},"current":{"last_updated_epoch":1751898600,"last_updated":"2025-07-07 21:30","temp_c":16.8,"temp_f":62.3,"is_day":1,"condition":{"text":"Туман","icon":"//cdn.weatherapi.com/weather/64x64/day/248.png","code":1135},"wind_mph":6.9,"wind_kph":11.2,"wind_degree":263,"wind_dir":"W","pressure_mb":1001,"pressure_in":29.56,"precip_mm":0.02,"precip_in":0,"humidity":97,"cloud":100,"feelslike_c":16.8,"feelslike_f":62.3,"windchill_c":16.8,"windchill_f":62.3,"heatindex_c":16.8,"heatindex_f":62.3,"dewpoint_c":16.4,"dewpoint_f":61.5,"vis_km":0,"vis_miles":0,"uv":0.1,"gust_mph":11.7,"gust_kph":18.9}}
weatherapi.com/v1/current.json - Response: {"location":{"name":"Sumy","region":"Novosibirsk","country":"Russia","lat":54.8164,"lon":80.4436,"tz_id":"Asia/Novosibirsk","localtime_epoch":1751899332,"localtime":"2025-07-07 21:42"},"current":{"last_updated_epoch":1751898600,"last_updated":"2025-07-07 21:30","temp_c":16.8,"temp_f":62.3,"is_day":1,"condition":{"text":"Туман","icon":"//cdn.weatherapi.com/weather/64x64/day/248.png","code":1135},"wind_mph":6.9,"wind_kph":11.2,"wind_degree":263,"wind_dir":"W","pressure_mb":1001,"pressure_in":29.56,"precip_mm":0.02,"precip_in":0,"humidity":97,"cloud":100,"feelslike_c":16.8,"feelslike_f":62.3,"windchill_c":16.8,"windchill_f":62.3,"heatindex_c":16.8,"heatindex_f":62.3,"dewpoint_c":16.4,"dewpoint_f":61.5,"vis_km":0,"vis_miles":0,"uv":0.1,"gust_mph":11.7,"gust_kph":18.9}}
weatherapi.com/v1/current.json - Response: {"location":{"name":"Sumy","region":"Novosibirsk","country":"Russia","lat":54.8164,"lon":80.4436,"tz_id":"Asia/Novosibirsk","localtime_epoch":1751898396,"localtime":"2025-07-07 21:26"},"current":{"last_updated_epoch":1751897700,"last_updated":"2025-07-07 21:15","temp_c":16.8,"temp_f":62.3,"is_day":1,"condition":{"text":"Туман","icon":"//cdn.weatherapi.com/weather/64x64/day/248.png","code":1135},"wind_mph":6.9,"wind_kph":11.2,"wind_degree":263,"wind_dir":"W","pressure_mb":1001,"pressure_in":29.56,"precip_mm":0.02,"precip_in":0,"humidity":97,"cloud":100,"feelslike_c":16.8,"feelslike_f":62.3,"windchill_c":16.8,"windchill_f":62.3,"heatindex_c":16.8,"heatindex_f":62.3,"dewpoint_c":16.4,"dewpoint_f":61.5,"vis_km":0,"vis_miles":0,"uv":0.1,"gust_mph":11.7,"gust_kph":18.9}}
openweathermap.org/geo - Response: [{"name":"Kyiv","lat":50.45,"lon":30.52}]
openweathermap.org/data - Response: {"main":{"temp":21,"humidity":70},"weather":[{"description":"ясно"}]}
weatherapi.com/v1/current.json - Response: {"location":{"name":"Kyiv"},"current":{"temp_c":18,"humidity":60,"condition":{"text":"Сонячно"}}}
openweathermap.org/data - Response: {"main":{"temp":21,"humidity":70},"weather":[{"description":"ясно"}]}
openweathermap.org/geo - Response: [{"name":"Kyiv","lat":50.45,"lon":30.52}]
weatherapi.com/v1/current.json - Response: {"location":{"name":"Kyiv"},"current":{"temp_c":18,"humidity":60,"condition":{"text":"Сонячно"}}}
openweathermap.org/geo - Response: [{"name":"Kyiv","lat":50.45,"lon":30.52}]
weatherapi.com/v1/current.json - Response: {"location":{"name":"Kyiv"},"current":{"temp_c":18,"humidity":60,"condition":{"text":"Сонячно"}}}
openweathermap.org/data - Response: {"main":{"temp":21,"humidity":70},"weather":[{"description":"ясно"}]}
openweathermap.org/geo - Response: [{"name":"Kyiv","lat":50.45,"lon":30.52}]
openweathermap.org/data - Response: {"main":{"temp":21,"humidity":70},"weather":[{"description":"ясно"}]}
weatherapi.com/v1/current.json - Response: {"location":{"name":"Kyiv"},"current":{"temp_c":18,"humidity":60,"condition":{"text":"Сонячно"}}}
openweathermap.org/data - Response: {"main":{"temp":21,"humidity":70},"weather":[{"description":"ясно"}]}
openweathermap.org/geo - Response: [{"name":"Kyiv","lat":50.45,"lon":30.52}]
weatherapi.com/v1/current.json - Response: {"location":{"name":"Kyiv"},"current":{"temp_c":18,"humidity":60,"condition":{"text":"Сонячно"}}}
openweathermap.org/geo - Response: [{"name":"Kyiv","lat":50.45,"lon":30.52}]
openweathermap.org/data - Response: {"main":{"temp":21,"humidity":70},"weather":[{"description":"ясно"}]}
weatherapi.com/v1/current.json - Response: {"location":{"name":"Kyiv"},"current":{"temp_c":18,"humidity":60,"condition":{"text":"Сонячно"}}}
weatherapi.com/v1/current.json - Response: {"location":{"name":"Kyiv"},"current":{"temp_c":18,"humidity":60,"condition":{"text":"Сонячно"}}}
openweathermap.org/geo - Response: [{"name":"Kyiv","lat":50.45,"lon":30.52}]
openweathermap.org/data - Response: {"main":{"temp":21,"humidity":70},"weather":[{"description":"ясно"}]}
openweathermap.org/data - Response: {"main":{"temp":21,"humidity":70},"weather":[{"description":"ясно"}]}
openweathermap.org/geo - Response: [{"name":"Kyiv","lat":50.45,"lon":30.52}]
weatherapi.com/v1/current.json - Response: {"location":{"name":"Kyiv"},"current":{"temp_c":18,"humidity":60,"condition":{"text":"Сонячно"}}}
openweathermap.org/data - Response: {"main":{"temp":21,"humidity":70},"weather":[{"description":"ясно"}]}
openweathermap.org/geo - Response: [{"name":"Kyiv","lat":50.45,"lon":30.52}]
weatherapi.com/v1/current.json - Response: {"location":{"name":"Kyiv"},"current":{"temp_c":18,"humidity":60,"condition":{"text":"Сонячно"}}}
weatherapi.com/v1/current.json - Response: {"location":{"name":"Kyiv"},"current":{"temp_c":18,"humidity":60,"condition":{"text":"Сонячно"}}}
openweathermap.org/geo - Response: [{"name":"Kyiv","lat":50.45,"lon":30.52}]
openweathermap.org/data - Response: {"main":{"temp":21,"humidity":70},"weather":[{"description":"ясно"}]}
openweathermap.org/data - Response: {"main":{"temp":21,"humidity":70},"weather":[{"description":"ясно"}]}
weatherapi.com/v1/current.json - Response: {"location":{"name":"Kyiv"},"current":{"temp_c":18,"humidity":60,"condition":{"text":"Сонячно"}}}
openweathermap.org/geo - Response: [{"name":"Kyiv","lat":50.45,"lon":30.52}]
